<?xml version="1.0" encoding="UTF-8"?>
<testng-results ignored="0" total="1" passed="1" failed="0" skipped="0">
  <reporter-output>
  </reporter-output>
  <suite started-at="2024-01-07T14:05:44 IST" name="Default suite" finished-at="2024-01-07T14:05:50 IST" duration-ms="5189">
    <groups>
    </groups>
    <test started-at="2024-01-07T14:05:44 IST" name="Default test" finished-at="2024-01-07T14:05:50 IST" duration-ms="5189">
      <class name="PetSwagger.PetCRUDOperation">
        <test-method is-config="true" signature="data()[pri:0, instance:PetSwagger.PetCRUDOperation@515aebb0]" started-at="2024-01-07T14:05:44 IST" name="data" finished-at="2024-01-07T14:05:44 IST" duration-ms="24" status="PASS">
          <reporter-output>
          </reporter-output>
        </test-method> <!-- data -->
        <test-method signature="CreatePet()[pri:0, instance:PetSwagger.PetCRUDOperation@515aebb0]" started-at="2024-01-07T14:05:44 IST" name="CreatePet" finished-at="2024-01-07T14:05:50 IST" duration-ms="5085" status="PASS">
          <reporter-output>
          </reporter-output>
        </test-method> <!-- CreatePet -->
      </class> <!-- PetSwagger.PetCRUDOperation -->
    </test> <!-- Default test -->
  </suite> <!-- Default suite -->
</testng-results>
